This is LuaTeX, Version 1.06.2 (MiKTeX 2.9.6530 64-bit)  (format=lualatex 2018.10.22)  30 NOV 2018 15:06
 restricted system commands enabled.
**lingsoc-constitution_annotated.tex
(./lingsoc-constitution_annotated.tex
LaTeX2e <2017-04-15>
Lua module: luaotfload-main 2017/01/29 2.80001 OpenType layout system.
Lua module: lualibs 2017-02-01 2.5 ConTeXt Lua standard libraries.
Lua module: lualibs-extended 2017-02-01 2.5 ConTeXt Lua libraries -- extended co
llection.(using cache: C:/Users/Aaron/AppData/Local/MiKTeX/2.9/luatex-cache/gene
ric)
luaotfload | conf : Root cache directory is C:/Users/Aaron/AppData/Local/MiKTeX/
2.9/luatex-cache/generic/names.
luaotfload | init : Loading fontloader “fontloader-2017-02-11.lua” from kpse
-resolved path “C:/Program Files/MiKTeX 2.9/tex/luatex/luaotfload/fontloader-2
017-02-11.lua”.
Lua-only attribute luaotfload@state = 1
Lua-only attribute luaotfload@noligature = 2
Lua-only attribute luaotfload@syllabe = 3
luaotfload | init : Context OpenType loader version “3.027”
Inserting `luaotfload.node_processor' at position 1 in `pre_linebreak_filter'.
Inserting `luaotfload.node_processor' at position 1 in `hpack_filter'.
Inserting `luaotfload.define_font' at position 1 in `define_font'.
Lua-only attribute luaotfload_color_attribute = 4
luaotfload | conf : Root cache directory is C:/Users/Aaron/AppData/Local/MiKTeX/
2.9/luatex-cache/generic/names.
Inserting `luaotfload.aux.set_sscale_dimens' at position 1 in `luaotfload.patch_
font'.
Inserting `luaotfload.aux.patch_cambria_domh' at position 2 in `luaotfload.patch
_font'.
Inserting `luaotfload.aux.fixup_fontdata' at position 1 in `luaotfload.patch_fon
t_unsafe'.
Inserting `luaotfload.aux.set_capheight' at position 3 in `luaotfload.patch_font
'.
Inserting `luaotfload.rewrite_fontname' at position 4 in `luaotfload.patch_font'
.
luaotfload | main : initialization completed in 0.728 seconds
Babel <3.15> and hyphenation patterns for 1 language(s) loaded.
("C:/Program Files/MiKTeX 2.9/tex/latex/base/article.cls"
Document Class: article 2014/09/29 v1.4h Standard LaTeX document class
("C:/Program Files/MiKTeX 2.9/tex/latex/base/size11.clo"
File: size11.clo 2014/09/29 v1.4h Standard LaTeX file (size option)
luaotfload | db : Font names database loaded from C:/Users/Aaron/AppData/Local/M
iKTeX/2.9/luatex-cache/generic/names/luaotfload-names.luc(load luc: C:/Users/Aar
on/AppData/Local/MiKTeX/2.9/luatex-cache/generic/fonts/otl/lmroman10-regular.luc
))
\c@part=\count79
\c@section=\count80
\c@subsection=\count81
\c@subsubsection=\count82
\c@paragraph=\count83
\c@subparagraph=\count84
\c@figure=\count85
\c@table=\count86
\abovecaptionskip=\skip41
\belowcaptionskip=\skip42
\bibindent=\dimen102
) ("C:/Program Files/MiKTeX 2.9/tex/latex/geometry/geometry.sty"
Package: geometry 2010/09/12 v5.6 Page Geometry

("C:/Program Files/MiKTeX 2.9/tex/latex/graphics/keyval.sty"
Package: keyval 2014/10/28 v1.15 key=value parser (DPC)
\KV@toks@=\toks14
)
("C:/Program Files/MiKTeX 2.9/tex/generic/oberdiek/ifpdf.sty"
Package: ifpdf 2017/03/15 v3.2 Provides the ifpdf switch
)
("C:/Program Files/MiKTeX 2.9/tex/generic/oberdiek/ifvtex.sty"
Package: ifvtex 2016/05/16 v1.6 Detect VTeX and its facilities (HO)
Package ifvtex Info: VTeX not detected.
)
("C:/Program Files/MiKTeX 2.9/tex/generic/ifxetex/ifxetex.sty"
Package: ifxetex 2010/09/12 v0.6 Provides ifxetex conditional
)
\Gm@cnth=\count87
\Gm@cntv=\count88
\c@Gm@tempcnt=\count89
\Gm@bindingoffset=\dimen103
\Gm@wd@mp=\dimen104
\Gm@odd@mp=\dimen105
\Gm@even@mp=\dimen106
\Gm@layoutwidth=\dimen107
\Gm@layoutheight=\dimen108
\Gm@layouthoffset=\dimen109
\Gm@layoutvoffset=\dimen110
\Gm@dimlist=\toks15

("C:/Program Files/MiKTeX 2.9/tex/latex/geometry/geometry.cfg"))
("C:/Program Files/MiKTeX 2.9/tex/latex/base/inputenc.sty"
Package: inputenc 2015/03/17 v1.2c Input encoding file
\inpenc@prehook=\toks16
\inpenc@posthook=\toks17


Package inputenc Warning: inputenc package ignored with utf8 based engines.

) ("C:/Program Files/MiKTeX 2.9/tex/generic/babel/babel.sty"
Package: babel 2017/11/03 3.15 The Babel package

("C:/Program Files/MiKTeX 2.9/tex/generic/babel/switch.def"
File: switch.def 2017/11/03 3.15 Babel switching mechanism
)
("C:/Program Files/MiKTeX 2.9/tex/generic/babel/luababel.def"
\l@afrikaans=\language2
Package babel Info: Non-standard hyphenation setup on input line 112.
\l@ancientgreek=\language3
\l@arabic=\language4
\l@armenian=\language5
\l@assamese=\language6
\l@basque=\language7
\l@bengali=\language8
\l@bokmal=\language9
\l@bulgarian=\language10
\l@catalan=\language11
\l@classiclatin=\language12
\l@coptic=\language13
\l@croatian=\language14
\l@czech=\language15
\l@danish=\language16
\l@dutch=\language17
\l@esperanto=\language18
\l@estonian=\language19
\l@farsi=\language20
\l@finnish=\language21
\l@french=\language22
\l@galician=\language23
\l@georgian=\language24
\l@german=\language25
\l@german-x-2017-03-31=\language26
\l@greek=\language27
\l@gujarati=\language28
\l@hindi=\language29
\l@hungarian=\language30
\l@ibycus=\language31
\l@icelandic=\language32
\l@indonesian=\language33
\l@interlingua=\language34
\l@irish=\language35
\l@italian=\language36
\l@kannada=\language37
\l@kurmanji=\language38
\l@latin=\language39
\l@latvian=\language40
\l@lithuanian=\language41
\l@malayalam=\language42
\l@marathi=\language43
\l@mongolian=\language44
\l@mongolianlmc=\language45
\l@monogreek=\language46
\l@ngerman=\language47
\l@ngerman-x-2017-03-31=\language48
\l@nynorsk=\language49
\l@oriya=\language50
\l@panjabi=\language51
\l@piedmontese=\language52
\l@pinyin=\language53
\l@polish=\language54
\l@portuguese=\language55
\l@romanian=\language56
\l@romansh=\language57
\l@russian=\language58
\l@sanskrit=\language59
\l@serbian=\language60
\l@serbianc=\language61
\l@slovak=\language62
\l@slovenian=\language63
\l@spanish=\language64
\l@swedish=\language65
\l@swissgerman=\language66
\l@tamil=\language67
\l@telugu=\language68
\l@thai=\language69
\l@turkish=\language70
\l@turkmen=\language71
\l@ukenglish=\language72
\l@ukrainian=\language73
\l@uppersorbian=\language74
\l@usenglishmax=\language75
\l@welsh=\language76
)
*************************************
* Local config file bblopts.cfg used
*
("C:/Program Files/MiKTeX 2.9/tex/latex/arabi/bblopts.cfg"
File: bblopts.cfg 2005/09/08 v0.1 add Arabic and Farsi to "declared" options of 
babel
)
("C:/Program Files/MiKTeX 2.9/tex/latex/babel-english/UKenglish.ldf"
Language: UKenglish 2017/06/06 v3.3r English support from the babel system

("C:/Program Files/MiKTeX 2.9/tex/latex/babel-english/english.ldf"
Language: english 2017/06/06 v3.3r English support from the babel system

("C:/Program Files/MiKTeX 2.9/tex/generic/babel/babel.def"
File: babel.def 2017/11/03 3.15 Babel common definitions

("C:/Program Files/MiKTeX 2.9/tex/generic/babel/switch.def"
File: switch.def 2017/11/03 3.15 Babel switching mechanism
)
\babel@savecnt=\count90
\U@D=\dimen111

("C:/Program Files/MiKTeX 2.9/tex/generic/babel/luababel.def"))
\l@canadian = a dialect from \language\l@american 
\l@australian = a dialect from \language\l@british 
\l@newzealand = a dialect from \language\l@british 

("C:/Program Files/MiKTeX 2.9/tex/generic/hyph-utf8/loadhyph/loadhyph-en-gb.tex
" ASCII Hyphenation patterns for British English
("C:/Program Files/MiKTeX 2.9/tex/generic/hyph-utf8/patterns/tex/hyph-en-gb.tex
"))))) ("C:/Program Files/MiKTeX 2.9/tex/latex/graphics/graphicx.sty"
Package: graphicx 2017/06/01 v1.1a Enhanced LaTeX Graphics (DPC,SPQR)

("C:/Program Files/MiKTeX 2.9/tex/latex/graphics/graphics.sty"
Package: graphics 2017/06/25 v1.2c Standard LaTeX Graphics (DPC,SPQR)

("C:/Program Files/MiKTeX 2.9/tex/latex/graphics/trig.sty"
Package: trig 2016/01/03 v1.10 sin cos tan (DPC)
)
("C:/Program Files/MiKTeX 2.9/tex/latex/graphics-cfg/graphics.cfg"
File: graphics.cfg 2016/06/04 v1.11 sample graphics configuration
)
Package graphics Info: Driver file: luatex.def on input line 99.

("C:/Program Files/MiKTeX 2.9/tex/latex/graphics-def/luatex.def"
File: luatex.def 2017/12/07 v1.0i Graphics/color driver for luatex
))
\Gin@req@height=\dimen112
\Gin@req@width=\dimen113
)
("C:/Program Files/MiKTeX 2.9/tex/latex/ulem/ulem.sty"
\UL@box=\box26
\UL@hyphenbox=\box27
\UL@skip=\skip43
\UL@hook=\toks18
\UL@height=\dimen114
\UL@pe=\count91
\UL@pixel=\dimen115
\ULC@box=\box28
Package: ulem 2012/05/18
\ULdepth=\dimen116
)
("C:/Program Files/MiKTeX 2.9/tex/latex/titlesec/titlesec.sty"
Package: titlesec 2016/03/21 v2.10.2 Sectioning titles
\ttl@box=\box29
\beforetitleunit=\skip44
\aftertitleunit=\skip45
\ttl@plus=\dimen117
\ttl@minus=\dimen118
\ttl@toksa=\toks19
\titlewidth=\dimen119
\titlewidthlast=\dimen120
\titlewidthfirst=\dimen121
)
("C:/Program Files/MiKTeX 2.9/tex/latex/enumitem/enumitem.sty"
Package: enumitem 2011/09/28 v3.5.2 Customized lists
\labelindent=\skip46
\enit@outerparindent=\dimen122
\enit@toks=\toks20
\enit@inbox=\box30
\enitdp@description=\count92
)
("C:/Program Files/MiKTeX 2.9/tex/latex/appendix/appendix.sty"
Package: appendix 2009/09/02 v1.2b extra appendix facilities
\c@@pps=\count93
\c@@ppsavesec=\count94
\c@@ppsaveapp=\count95
)
("C:/Program Files/MiKTeX 2.9/tex/luatex/luatexja/addons/luatexja-fontspec.sty"
Package: luatexja-fontspec 2017/06/25 fontspec support of LuaTeX-ja
("C:/Program Files/MiKTeX 2.9/tex/latex/l3packages/l3keys2e/l3keys2e.sty"
("C:/Program Files/MiKTeX 2.9/tex/latex/l3kernel/expl3.sty"
Package: expl3 2017/12/05 L3 programming layer (loader) 

("C:/Program Files/MiKTeX 2.9/tex/latex/l3kernel/expl3-code.tex"
Package: expl3 2017/12/05 L3 programming layer (code)
\ucharcat@table=\catcodetable5
\c_max_int=\count96
\l_tmpa_int=\count97
\l_tmpb_int=\count98
\g_tmpa_int=\count99
\g_tmpb_int=\count100
\g__intarray_font_int=\count101
\g__prg_map_int=\count102
\c_log_iow=\count103
\l_iow_line_count_int=\count104
\l__iow_line_target_int=\count105
\l__iow_one_indent_int=\count106
\l__iow_indent_int=\count107
\c_zero_dim=\dimen123
\c_max_dim=\dimen124
\l_tmpa_dim=\dimen125
\l_tmpb_dim=\dimen126
\g_tmpa_dim=\dimen127
\g_tmpb_dim=\dimen128
\c_zero_skip=\skip47
\c_max_skip=\skip48
\l_tmpa_skip=\skip49
\l_tmpb_skip=\skip50
\g_tmpa_skip=\skip51
\g_tmpb_skip=\skip52
\c_zero_muskip=\muskip10
\c_max_muskip=\muskip11
\l_tmpa_muskip=\muskip12
\l_tmpb_muskip=\muskip13
\g_tmpa_muskip=\muskip14
\g_tmpb_muskip=\muskip15
\l_keys_choice_int=\count108
\c__fp_leading_shift_int=\count109
\c__fp_middle_shift_int=\count110
\c__fp_trailing_shift_int=\count111
\c__fp_big_leading_shift_int=\count112
\c__fp_big_middle_shift_int=\count113
\c__fp_big_trailing_shift_int=\count114
\c__fp_Bigg_leading_shift_int=\count115
\c__fp_Bigg_middle_shift_int=\count116
\c__fp_Bigg_trailing_shift_int=\count117
\c__fp_rand_size_int=\count118
\c__fp_rand_four_int=\count119
\c__fp_rand_eight_int=\count120
\l__sort_length_int=\count121
\l__sort_min_int=\count122
\l__sort_top_int=\count123
\l__sort_max_int=\count124
\l__sort_true_max_int=\count125
\l__sort_block_int=\count126
\l__sort_begin_int=\count127
\l__sort_end_int=\count128
\l__sort_A_int=\count129
\l__sort_B_int=\count130
\l__sort_C_int=\count131
\l__tl_build_start_index_int=\count132
\l__tl_build_index_int=\count133
\l__tl_analysis_normal_int=\count134
\l__tl_analysis_index_int=\count135
\l__tl_analysis_nesting_int=\count136
\l__tl_analysis_type_int=\count137
\l__regex_internal_a_int=\count138
\l__regex_internal_b_int=\count139
\l__regex_internal_c_int=\count140
\l__regex_balance_int=\count141
\l__regex_group_level_int=\count142
\l__regex_mode_int=\count143
\c__regex_cs_in_class_mode_int=\count144
\c__regex_cs_mode_int=\count145
\l__regex_catcodes_int=\count146
\l__regex_default_catcodes_int=\count147
\c__regex_catcode_L_int=\count148
\c__regex_catcode_O_int=\count149
\c__regex_catcode_A_int=\count150
\c__regex_all_catcodes_int=\count151
\l__regex_show_lines_int=\count152
\l__regex_min_state_int=\count153
\l__regex_max_state_int=\count154
\l__regex_left_state_int=\count155
\l__regex_right_state_int=\count156
\l__regex_capturing_group_int=\count157
\l__regex_min_pos_int=\count158
\l__regex_max_pos_int=\count159
\l__regex_curr_pos_int=\count160
\l__regex_start_pos_int=\count161
\l__regex_success_pos_int=\count162
\l__regex_curr_char_int=\count163
\l__regex_curr_catcode_int=\count164
\l__regex_last_char_int=\count165
\l__regex_case_changed_char_int=\count166
\l__regex_curr_state_int=\count167
\l__regex_step_int=\count168
\l__regex_min_active_int=\count169
\l__regex_max_active_int=\count170
\l__regex_replacement_csnames_int=\count171
\l__regex_match_count_int=\count172
\l__regex_min_submatch_int=\count173
\l__regex_submatch_int=\count174
\l__regex_zeroth_submatch_int=\count175
\g__debug_trace_regex_int=\count176
\c_empty_box=\box31
\l_tmpa_box=\box32
\l_tmpb_box=\box33
\g_tmpa_box=\box34
\g_tmpb_box=\box35
\l__box_top_dim=\dimen129
\l__box_bottom_dim=\dimen130
\l__box_left_dim=\dimen131
\l__box_right_dim=\dimen132
\l__box_top_new_dim=\dimen133
\l__box_bottom_new_dim=\dimen134
\l__box_left_new_dim=\dimen135
\l__box_right_new_dim=\dimen136
\l__box_internal_box=\box36
\l__coffin_internal_box=\box37
\l__coffin_internal_dim=\dimen137
\l__coffin_offset_x_dim=\dimen138
\l__coffin_offset_y_dim=\dimen139
\l__coffin_x_dim=\dimen140
\l__coffin_y_dim=\dimen141
\l__coffin_x_prime_dim=\dimen142
\l__coffin_y_prime_dim=\dimen143
\c_empty_coffin=\box38
\l__coffin_aligned_coffin=\box39
\l__coffin_aligned_internal_coffin=\box40
\l_tmpa_coffin=\box41
\l_tmpb_coffin=\box42
\l__coffin_display_coffin=\box43
\l__coffin_display_coord_coffin=\box44
\l__coffin_display_pole_coffin=\box45
\l__coffin_display_offset_dim=\dimen144
\l__coffin_display_x_dim=\dimen145
\l__coffin_display_y_dim=\dimen146
\l__coffin_bounding_shift_dim=\dimen147
\l__coffin_left_corner_dim=\dimen148
\l__coffin_right_corner_dim=\dimen149
\l__coffin_bottom_corner_dim=\dimen150
\l__coffin_top_corner_dim=\dimen151
\l__coffin_scaled_total_height_dim=\dimen152
\l__coffin_scaled_width_dim=\dimen153
)
("C:/Program Files/MiKTeX 2.9/tex/latex/l3kernel/l3pdfmode.def"
File: l3pdfmode.def 2017/03/18 v L3 Experimental driver: PDF mode
\l__driver_color_stack_int=\count177
\l__driver_tmp_box=\box46
))
Package: l3keys2e 2017/12/05 LaTeX2e option processing using LaTeX3 keys
)
("C:/Program Files/MiKTeX 2.9/tex/luatex/luatexja/luatexja.sty"
Package: luatexja 2017/11/12 Japanese Typesetting with Lua(La)TeX

("C:/Program Files/MiKTeX 2.9/tex/luatex/luatexja/luatexja-core.sty"
Package: luatexja-core 2017/11/12 Core of LuaTeX-ja

("C:/Program Files/MiKTeX 2.9/tex/luatex/luatexbase/luatexbase.sty"
Package: luatexbase 2015/10/04 v1.3 luatexbase interface to LuaTeX 

("C:/Program Files/MiKTeX 2.9/tex/luatex/ctablestack/ctablestack.sty"
Package: ctablestack 2015/10/01 v1.0 Catcode table stable support
\@catcodetablestackcnt=\count178
)
\CatcodeTableOther=\catcodetable6
\CatcodeTableExpl=\catcodetable7
)
("C:/Program Files/MiKTeX 2.9/tex/generic/oberdiek/ltxcmds.sty"
Package: ltxcmds 2016/05/16 v1.23 LaTeX kernel commands for general use (HO)
)
("C:/Program Files/MiKTeX 2.9/tex/generic/oberdiek/pdftexcmds.sty"
Package: pdftexcmds 2017/03/19 v0.25 Utility functions of pdfTeX for LuaTeX (HO)


("C:/Program Files/MiKTeX 2.9/tex/generic/oberdiek/infwarerr.sty"
Package: infwarerr 2016/05/16 v1.4 Providing info/warning/error messages (HO)
)
("C:/Program Files/MiKTeX 2.9/tex/generic/oberdiek/ifluatex.sty"
Package: ifluatex 2016/05/16 v1.4 Provides the ifluatex switch (HO)
Package ifluatex Info: LuaTeX detected.
)
Package pdftexcmds Info: \pdf@primitive is available.
Package pdftexcmds Info: \pdf@ifprimitive is available.
Package pdftexcmds Info: \pdfdraftmode found.
\pdftexcmds@toks=\toks21
)
("C:/Program Files/MiKTeX 2.9/tex/latex/xkeyval/xkeyval.sty"
Package: xkeyval 2014/12/03 v2.7a package option processing (HA)

("C:/Program Files/MiKTeX 2.9/tex/generic/xkeyval/xkeyval.tex"
("C:/Program Files/MiKTeX 2.9/tex/generic/xkeyval/xkvutils.tex"
\XKV@toks=\toks22
\XKV@tempa@toks=\toks23
)
\XKV@depth=\count179
File: xkeyval.tex 2014/12/03 v2.7a key=value parser (HA)
))
("C:/Program Files/MiKTeX 2.9/tex/generic/oberdiek/atbegshi.sty"
Package: atbegshi 2016/06/09 v1.18 At begin shipout hook (HO)
)
("C:/Program Files/MiKTeX 2.9/tex/latex/etoolbox/etoolbox.sty"
Package: etoolbox 2017/11/22 v2.5 e-TeX tools for LaTeX (JAW)
\etb@tempcnta=\count180
)
\AtBeginShipoutBox=\box47

("C:/Program Files/MiKTeX 2.9/tex/latex/everyhook/everyhook.sty"
("C:/Program Files/MiKTeX 2.9/tex/latex/svn-prov/svn-prov.sty"
Package: svn-prov 2010/04/24 v3.1862 Package Date/Version from SVN Keywords
)
Package: everyhook 2014/11/26 v1.2 (SVN Rev: 12)\ Hooks for low level TeX everyX
 primitives.
\everypar=\toks24
\frozen@everymath=\toks25
\frozen@everydisplay=\toks26
\everyhbox=\toks27
\everyvbox=\toks28
\everycr=\toks29
)
\ltjlineendcomment=\count181
\ltj@zw=\dimen154
\ltj@zh=\dimen155
\jQ=\dimen156
\ltj@icflag=\attribute5
\ltj@curjfnt=\attribute6
\ltj@curtfnt=\attribute7
\ltj@origchar=\attribute8
\ltj@charclass=\attribute9
\ltj@charcode=\attribute10
\ltj@autospc=\attribute11
\ltj@autoxspc=\attribute12
\ltj@yablshift=\attribute13
\ltj@ykblshift=\attribute14
\ltj@tablshift=\attribute15
\ltj@tkblshift=\attribute16
\jfam=\attribute17
\ltj@dir=\attribute18
\ltj@@japanese=\language77
\ltj@tempcnta=\count182
\ltj@kcat0=\attribute19
\ltj@kcat1=\attribute20
\ltj@kcat2=\attribute21
\ltj@kcat3=\attribute22
\ltj@kcat4=\attribute23
\ltj@kcat5=\attribute24
\ltj@kcat6=\attribute25
Custom whatsit inhibitglue = 1
Custom whatsit stack_marker = 2
Custom whatsit begin_par = 3
Custom whatsit direction = 4
Custom whatsit box_boundary = 5(load cache: C:/Users/Aaron/AppData/Local/MiKTeX/
2.9/luatexja/ltj-cid-auto-adobe-japan1.luc)
Lua module: luatexja.charrange 2017/05/05 Handling the range of Japanese charact
ers
Lua module: luatexja.stack 2017/05/05 LuaTeX-ja stack system
Inserting `ltj.create_dir_whatsit' at position 2 in `hpack_filter'.
Inserting `ltj.create_dir_whatsit' at position 1 in `post_linebreak_filter'.
Inserting `ltj.direction' at position 1 in `vpack_filter'.
Inserting `ltj.direction' at position 1 in `pre_output_filter'.
Inserting `ltj.direction' at position 1 in `append_to_vlist_filter'.
Lua module: luatexja.jfont 2017/09/04 Loader for Japanese fonts
Removing  `luaotfload.define_font' from `define_font'.
Inserting `luatexja.font_callback' at position 1 in `define_font'.
Removing  `luaotfload.aux.set_sscale_dimens' from `luaotfload.patch_font'.
Removing  `luaotfload.aux.patch_cambria_domh' from `luaotfload.patch_font'.
Removing  `luaotfload.aux.set_capheight' from `luaotfload.patch_font'.
Removing  `luaotfload.rewrite_fontname' from `luaotfload.patch_font'.
Inserting `ltj.prepare_extra_data' at position 1 in `luaotfload.patch_font'.
Inserting `luaotfload.aux.set_sscale_dimens' at position 2 in `luaotfload.patch_
font'.
Inserting `luaotfload.aux.patch_cambria_domh' at position 3 in `luaotfload.patch
_font'.
Inserting `luaotfload.aux.set_capheight' at position 4 in `luaotfload.patch_font
'.
Inserting `luaotfload.rewrite_fontname' at position 5 in `luaotfload.patch_font'
.
Inserting `ltj.prepare_extra_data' at position 1 in `luatexja.define_font'.(load
 cache: C:/Users/Aaron/AppData/Local/MiKTeX/2.9/luatexja/extra_lmroman10-regular
.luc)
Inserting `ltj.v_advance' at position 1 in `luatexja.define_jfont'.
Removing  `ltj.v_advance' from `luatexja.define_jfont'.
Inserting `ltj.get_vert_form' at position 1 in `luatexja.define_jfont'.
Inserting `ltj.v_advance' at position 2 in `luatexja.define_jfont'.
Removing  `ltj.prepare_extra_data' from `luaotfload.patch_font'.
Removing  `luaotfload.aux.set_sscale_dimens' from `luaotfload.patch_font'.
Removing  `luaotfload.aux.patch_cambria_domh' from `luaotfload.patch_font'.
Removing  `luaotfload.aux.set_capheight' from `luaotfload.patch_font'.
Removing  `luaotfload.rewrite_fontname' from `luaotfload.patch_font'.
Inserting `ltj.supply_tounicode' at position 1 in `luaotfload.patch_font'.
Inserting `ltj.prepare_extra_data' at position 2 in `luaotfload.patch_font'.
Inserting `luaotfload.aux.set_sscale_dimens' at position 3 in `luaotfload.patch_
font'.
Inserting `luaotfload.aux.patch_cambria_domh' at position 4 in `luaotfload.patch
_font'.
Inserting `luaotfload.aux.set_capheight' at position 5 in `luaotfload.patch_font
'.
Inserting `luaotfload.rewrite_fontname' at position 6 in `luaotfload.patch_font'
.
Inserting `ltj.process_input_buffer' at position 1 in `process_input_buffer'.
Inserting `ltj.hyphenate' at position 1 in `hyphenate'.
Removing  `luaotfload.node_processor' from `hpack_filter'.
Removing  `ltj.create_dir_whatsit' from `hpack_filter'.
Inserting `ltj.set_stack_level' at position 1 in `hpack_filter'.
Inserting `luaotfload.node_processor' at position 2 in `hpack_filter'.
Inserting `ltj.create_dir_whatsit' at position 3 in `hpack_filter'.
Removing  `luaotfload.node_processor' from `pre_linebreak_filter'.
Inserting `ltj.set_stack_level' at position 1 in `pre_linebreak_filter'.
Inserting `luaotfload.node_processor' at position 2 in `pre_linebreak_filter'.
Lua module: luatexja.jfmglue 2017/05/05 Insertion process of JFM glues and kanji
skip
Inserting `luatexja.beginpar.np_info' at position 1 in `luatexja.jfmglue.whatsit
_getinfo'.
Inserting `luatexja.beginpar.np_info_after' at position 1 in `luatexja.jfmglue.w
hatsit_after'.
Inserting `ltj.mlist_to_hlist' at position 1 in `mlist_to_hlist'.
Lua module: luatexja.tangle 2011/05/14 
Inserting `ltj.main' at position 3 in `pre_linebreak_filter'.
Removing  `ltj.create_dir_whatsit' from `hpack_filter'.
Inserting `ltj.main' at position 3 in `hpack_filter'.
Inserting `ltj.create_dir_whatsit' at position 4 in `hpack_filter'.
Removing  `ltj.set_stack_level' from `pre_linebreak_filter'.
Removing  `luaotfload.node_processor' from `pre_linebreak_filter'.
Removing  `ltj.main' from `pre_linebreak_filter'.
Inserting `ltj.adjust_icflag' at position 1 in `pre_linebreak_filter'.
Inserting `ltj.set_stack_level' at position 2 in `pre_linebreak_filter'.
Inserting `luaotfload.node_processor' at position 3 in `pre_linebreak_filter'.
Inserting `ltj.main' at position 4 in `pre_linebreak_filter'.
Removing  `ltj.set_stack_level' from `hpack_filter'.
Removing  `luaotfload.node_processor' from `hpack_filter'.
Removing  `ltj.main' from `hpack_filter'.
Removing  `ltj.create_dir_whatsit' from `hpack_filter'.
Inserting `ltj.adjust_icflag' at position 1 in `hpack_filter'.
Inserting `ltj.set_stack_level' at position 2 in `hpack_filter'.
Inserting `luaotfload.node_processor' at position 3 in `hpack_filter'.
Inserting `ltj.main' at position 4 in `hpack_filter'.
Inserting `ltj.create_dir_whatsit' at position 5 in `hpack_filter'. ("C:/Progra
m Files/MiKTeX 2.9/tex/luatex/luatexja/ltj-base.sty"
Package: ltj-base 2017/05/05
\ltj@tempcntb=\count183
\ltj@tempcntc=\count184
\ltj@tempdima=\dimen157
\ltj@afbox=\box48
)
\ltj@@italic@inner=\luafunction1
\ltj@@jfont@inner=\luafunction2
\ltj@zw@inner=\luafunction3
\ltj@zh@inner=\luafunction4
\ltj@reset@globaldefs@inner=\luafunction5
\ltj@restore@globaldefs@inner=\luafunction6
\ltj@@ihb@inner=\luafunction7
\ltj@@fakeparbegin@inner=\luafunction8
\ltj@@fakeboxbdd@inner=\luafunction9
\ltj@@stack=\count185
\ltj@@group@level=\count186
\ltjsetkanjiskip@inner=\luafunction10
\ltjsetxkanjiskip@inner=\luafunction11
\ltj@@box@dirhook=\luafunction12
\ltj@@reset@badness@inner=\luafunction13

("C:/Program Files/MiKTeX 2.9/tex/luatex/luatexja/ltj-latex.sty"
Package: ltj-latex 2017/06/18 LaTeX support of LuaTeX-ja

("C:/Program Files/MiKTeX 2.9/tex/luatex/luatexja/patches/lltjfont.sty"
Package: lltjfont 2017/05/05 Patch to NFSS2 for LuaTeX-ja

("C:/Program Files/MiKTeX 2.9/tex/latex/base/tuenc.def"
File: tuenc.def 2017/04/05 v2.0i Standard LaTeX file
LaTeX Font Info:    Redeclaring font encoding TU on input line 82.
)
\Cht=\dimen158
\cht=\dimen159
\Cdp=\dimen160
\cdp=\dimen161
\Cwd=\dimen162
\cwd=\dimen163
\Cvs=\dimen164
\cvs=\dimen165
\Chs=\dimen166
\chs=\dimen167
\cHT=\dimen168
\dstrutbox=\box49
\tstrutbox=\box50
\zstrutbox=\box51

("C:/Program Files/MiKTeX 2.9/tex/latex/ms/everysel.sty"
Package: everysel 2011/10/28 v1.2 EverySelectfont Package (MS)
)
ABD: EverySelectfont initializing macros
LaTeX Info: Redefining \selectfont on input line 316.
\ltj@@adjust@baseline@inner=\luafunction14
LaTeX Info: Redefining \fontencoding on input line 466.
LaTeX Info: Redefining \fontfamily on input line 511.
LaTeX Info: Redefining \fontseries on input line 545.
LaTeX Info: Redefining \fontshape on input line 548.
LaTeX Info: Redefining \normalfont on input line 560.
)
("C:/Program Files/MiKTeX 2.9/tex/luatex/luatexja/patches/lltjdefs.sty"
Package: lltjdefs 2017/11/12 Default font settings of LuaTeX-ja
LaTeX Font Info:    Font shape `JT3/mc/m/n' will be
(Font)              scaled to size 9.6222pt on input line 53.
luaotfload | cache : Lookup cache loaded from C:/Users/Aaron/AppData/Local/MiKTe
X/2.9/luatex-cache/generic/names/luaotfload-lookup-cache.luc.(load luc: C:/Users
/Aaron/AppData/Local/MiKTeX/2.9/luatex-cache/generic/fonts/otl/ipaexm.luc)(load 
cache: C:/Users/Aaron/AppData/Local/MiKTeX/2.9/luatexja/extra_ipaexmincho.luc)
(C:/Program Files/MiKTeX 2.9/tex/luatex/luatexja/jfm-ujisv.lua)
luaotfload | aux : font no 26 (nil) does not define feature vrt2 for script dflt
 with language dflt
luaotfload | aux : no font with id 26
LaTeX Font Info:    Font shape `JY3/mc/m/n' will be
(Font)              scaled to size 9.6222pt on input line 53.

(C:/Program Files/MiKTeX 2.9/tex/luatex/luatexja/jfm-ujis.lua)
\symmincho=\mathgroup4
LaTeX Font Info:    Overwriting symbol font `mincho' in version `bold'
(Font)                  JY3/mc/m/n --> JY3/gt/m/n on input line 62.
LaTeX Info: Redefining \rmfamily on input line 69.
LaTeX Info: Redefining \sffamily on input line 73.
LaTeX Info: Redefining \ttfamily on input line 77.
LaTeX Info: Redefining \em on input line 82.
)
("C:/Program Files/MiKTeX 2.9/tex/luatex/luatexja/patches/lltjcore.sty"
Package: lltjcore 2017/11/12 Patch to LaTeX2e Kernel for LuaTeX-ja
\@tombowwidth=\dimen169
\@TL=\box52
\@Tl=\box53
\@TC=\box54
\@TR=\box55
\@Tr=\box56
\@BL=\box57
\@Bl=\box58
\@BC=\box59
\@BR=\box60
\@Br=\box61
\@CL=\box62
\@CR=\box63
\@bannertoken=\toks30
\@@paperheight=\dimen170
\@@paperwidth=\dimen171
\@@topmargin=\dimen172
\hour=\count187
\minute=\count188
)
("C:/Program Files/MiKTeX 2.9/tex/luatex/luatexja/patches/lltjp-geometry.sty"
Package: lltjp-geometry 2017/05/05 Patch to geometry for LuaTeX-ja with vertical
 writing mode

("C:/Program Files/MiKTeX 2.9/tex/latex/filehook/filehook.sty"
Package: filehook 2011/10/12 v0.5d Hooks for input files
)))
\ltj@temp@cctb=\catcodetable8
)
("C:/Program Files/MiKTeX 2.9/tex/luatex/luatexja/luatexja-compat.sty"
Package: luatexja-compat 2017/05/05 Compatibility with pTeX
(load cache: C:/Users/Aaron/AppData/Local/MiKTeX/2.9/luatexja/ltj-jisx0208.luc)
\hour=\count189
\minute=\count190
))(load luc: C:/Users/Aaron/AppData/Local/MiKTeX/2.9/luatex-cache/generic/fonts/
otl/lmroman17-regular.luc)
LaTeX Font Info:    Font shape `JT3/mc/m/n' will be
(Font)              scaled to size 15.39551pt on input line 14.
luaotfload | aux : font no 30 (nil) does not define feature vrt2 for script dflt
 with language dflt
luaotfload | aux : no font with id 30
LaTeX Font Info:    Font shape `JY3/mc/m/n' will be
(Font)              scaled to size 15.39551pt on input line 14.
 ("C:/Program Files/MiKTeX 2.9/tex/latex/fontspec/fontspec.sty" ("C:/Program Fi
les/MiKTeX 2.9/tex/latex/l3packages/xparse/xparse.sty"
Package: xparse 2017/12/05 L3 Experimental document command parser
\l__xparse_current_arg_int=\count191
\g__xparse_grabber_int=\count192
\l__xparse_m_args_int=\count193
\l__xparse_mandatory_args_int=\count194
\l__xparse_v_nesting_int=\count195
)
Package: fontspec 2017/11/09 v2.6g Font selection for XeLaTeX and LuaLaTeX
Lua module: fontspec 2017/11/09 2.6g Font selection for XeLaTeX and LuaLaTeX
("C:/Program Files/MiKTeX 2.9/tex/latex/fontspec/fontspec-luatex.sty"
Package: fontspec-luatex 2017/11/09 v2.6g Font selection for XeLaTeX and LuaLaTe
X
\l__fontspec_script_int=\count196
\l__fontspec_language_int=\count197
\l__fontspec_strnum_int=\count198
\l__fontspec_tmp_int=\count199
\l__fontspec_em_int=\count266
\l__fontspec_emdef_int=\count267
\l__fontspec_strong_int=\count268
\l__fontspec_strongdef_int=\count269
\l__fontspec_tmpa_dim=\dimen173
\l__fontspec_tmpb_dim=\dimen174
\l__fontspec_tmpc_dim=\dimen175
\g__file_internal_ior=\read1

("C:/Program Files/MiKTeX 2.9/tex/latex/base/fontenc.sty"
Package: fontenc 2017/04/05 v2.0i Standard LaTeX package

("C:/Program Files/MiKTeX 2.9/tex/latex/base/tuenc.def"
File: tuenc.def 2017/04/05 v2.0i Standard LaTeX file
LaTeX Font Info:    Redeclaring font encoding TU on input line 82.
)
LaTeX Font Info:    Font shape `JY3/mc/m/n' will be
(Font)              scaled to size 9.6222pt on input line 105.
)
LaTeX Font Info:    Font shape `JT3/mc/m/n' will be
(Font)              scaled to size 10.53629pt on input line 454.
luaotfload | aux : font no 32 (nil) does not define feature vrt2 for script dflt
 with language dflt
luaotfload | aux : no font with id 32
LaTeX Font Info:    Font shape `JY3/mc/m/n' will be
(Font)              scaled to size 10.53629pt on input line 454.
.................................................
. LaTeX info: "xparse/define-command"
. 
. Defining command \fontspec with sig. 'O{}mO{}' on line 545.
.................................................
.................................................
. LaTeX info: "xparse/define-command"
. 
. Defining command \setmainfont with sig. 'O{}mO{}' on line 549.
.................................................
.................................................
. LaTeX info: "xparse/define-command"
. 
. Defining command \setsansfont with sig. 'O{}mO{}' on line 553.
.................................................
.................................................
. LaTeX info: "xparse/define-command"
. 
. Defining command \setmonofont with sig. 'O{}mO{}' on line 557.
.................................................
.................................................
. LaTeX info: "xparse/define-command"
. 
. Defining command \setmathrm with sig. 'O{}mO{}' on line 561.
.................................................
.................................................
. LaTeX info: "xparse/define-command"
. 
. Defining command \setboldmathrm with sig. 'O{}mO{}' on line 565.
.................................................
.................................................
. LaTeX info: "xparse/define-command"
. 
. Defining command \setmathsf with sig. 'O{}mO{}' on line 569.
.................................................
.................................................
. LaTeX info: "xparse/define-command"
. 
. Defining command \setmathtt with sig. 'O{}mO{}' on line 573.
.................................................
.................................................
. LaTeX info: "xparse/define-command"
. 
. Defining command \setromanfont with sig. 'O{}mO{}' on line 577.
.................................................
.................................................
. LaTeX info: "xparse/define-command"
. 
. Defining command \newfontfamily with sig. 'mO{}mO{}' on line 581.
.................................................
.................................................
. LaTeX info: "xparse/define-command"
. 
. Defining command \newfontface with sig. 'mO{}mO{}' on line 585.
.................................................
.................................................
. LaTeX info: "xparse/define-command"
. 
. Defining command \defaultfontfeatures with sig. 't+om' on line 589.
.................................................
.................................................
. LaTeX info: "xparse/define-command"
. 
. Defining command \addfontfeatures with sig. 'm' on line 593.
.................................................
.................................................
. LaTeX info: "xparse/define-command"
. 
. Defining command \addfontfeature with sig. 'm' on line 597.
.................................................
.................................................
. LaTeX info: "xparse/define-command"
. 
. Defining command \newfontfeature with sig. 'mm' on line 601.
.................................................
.................................................
. LaTeX info: "xparse/define-command"
. 
. Defining command \newAATfeature with sig. 'mmmm' on line 605.
.................................................
.................................................
. LaTeX info: "xparse/define-command"
. 
. Defining command \newopentypefeature with sig. 'mmm' on line 609.
.................................................
.................................................
. LaTeX info: "xparse/define-command"
. 
. Defining command \newICUfeature with sig. 'mmm' on line 613.
.................................................
.................................................
. LaTeX info: "xparse/define-command"
. 
. Defining command \aliasfontfeature with sig. 'mm' on line 617.
.................................................
.................................................
. LaTeX info: "xparse/define-command"
. 
. Defining command \aliasfontfeatureoption with sig. 'mmm' on line 621.
.................................................
.................................................
. LaTeX info: "xparse/define-command"
. 
. Defining command \newfontscript with sig. 'mm' on line 625.
.................................................
.................................................
. LaTeX info: "xparse/define-command"
. 
. Defining command \newfontlanguage with sig. 'mm' on line 629.
.................................................
.................................................
. LaTeX info: "xparse/define-command"
. 
. Defining command \DeclareFontsExtensions with sig. 'm' on line 633.
.................................................
.................................................
. LaTeX info: "xparse/define-command"
. 
. Defining command \IfFontFeatureActiveTF with sig. 'mmm' on line 637.
.................................................
.................................................
. LaTeX info: "xparse/define-command"
. 
. Defining command \EncodingCommand with sig. 'mO{}m' on line 3366.
.................................................
.................................................
. LaTeX info: "xparse/define-command"
. 
. Defining command \EncodingAccent with sig. 'mm' on line 3372.
.................................................
.................................................
. LaTeX info: "xparse/define-command"
. 
. Defining command \EncodingSymbol with sig. 'mm' on line 3378.
.................................................
.................................................
. LaTeX info: "xparse/define-command"
. 
. Defining command \EncodingComposite with sig. 'mmm' on line 3384.
.................................................
.................................................
. LaTeX info: "xparse/define-command"
. 
. Defining command \EncodingCompositeCommand with sig. 'mmm' on line 3390.
.................................................
.................................................
. LaTeX info: "xparse/define-command"
. 
. Defining command \DeclareUnicodeEncoding with sig. 'mm' on line 3415.
.................................................
.................................................
. LaTeX info: "xparse/define-command"
. 
. Defining command \UndeclareSymbol with sig. 'm' on line 3421.
.................................................
.................................................
. LaTeX info: "xparse/define-command"
. 
. Defining command \UndeclareAccent with sig. 'm' on line 3427.
.................................................
.................................................
. LaTeX info: "xparse/define-command"
. 
. Defining command \UndeclareCommand with sig. 'm' on line 3433.
.................................................
.................................................
. LaTeX info: "xparse/define-command"
. 
. Defining command \UndeclareComposite with sig. 'mm' on line 3440.
.................................................

("C:/Program Files/MiKTeX 2.9/tex/latex/fontspec/fontspec.cfg")
LaTeX Info: Redefining \itshape on input line 3625.
LaTeX Info: Redefining \slshape on input line 3630.
LaTeX Info: Redefining \scshape on input line 3635.
LaTeX Info: Redefining \upshape on input line 3640.
LaTeX Info: Redefining \em on input line 3670.
LaTeX Info: Redefining \emph on input line 3695.
(load luc: C:/Users/Aaron/AppData/Local/MiKTeX/2.9/luatex-cache/generic/fonts/ot
l/lmroman10-bold.luc)
LaTeX Font Info:    Font shape `JT3/mc/bx/n' in size <10.95> not available
(Font)              Font shape `JT3/gt/m/n' tried instead on input line 3744.
LaTeX Font Info:    Font shape `JT3/gt/m/n' will be
(Font)              scaled to size 10.53629pt on input line 3744.
(load luc: C:/Users/Aaron/AppData/Local/MiKTeX/2.9/luatex-cache/generic/fonts/ot
l/ipaexg.luc)(load cache: C:/Users/Aaron/AppData/Local/MiKTeX/2.9/luatexja/extra
_ipaexgothic.luc)
luaotfload | aux : font no 35 (nil) does not define feature vrt2 for script dflt
 with language dflt
luaotfload | aux : no font with id 35
LaTeX Font Info:    Font shape `JY3/mc/bx/n' in size <10.95> not available
(Font)              Font shape `JY3/gt/m/n' tried instead on input line 3744.
LaTeX Font Info:    Font shape `JY3/gt/m/n' will be
(Font)              scaled to size 10.53629pt on input line 3744.
(load luc: C:/Users/Aaron/AppData/Local/MiKTeX/2.9/luatex-cache/generic/fonts/ot
l/lmroman10-italic.luc)

LaTeX Font Warning: Font shape `JT3/mc/m/it' undefined
(Font)              using `JT3/mc/m/n' instead on input line 3745.


LaTeX Font Warning: Font shape `JY3/mc/m/it' undefined
(Font)              using `JY3/mc/m/n' instead on input line 3745.

LaTeX Info: Redefining \- on input line 3749.
.................................................
. LaTeX info: "xparse/redefine-command"
. 
. Redefining command \oldstylenums with sig. 'm' on line 3844.
.................................................
.................................................
. LaTeX info: "xparse/define-command"
. 
. Defining command \liningnums with sig. 'm' on line 3848.
.................................................
))
("C:/Program Files/MiKTeX 2.9/tex/luatex/luatexja/patches/lltjp-fontspec-immedi
ate.sty"
.................................................
. LaTeX info: "xparse/redefine-command"
. 
. Redefining command \setmainfont with sig. 'O{}mO{}' on line 65.
.................................................
.................................................
. LaTeX info: "xparse/redefine-command"
. 
. Redefining command \setsansfont with sig. 'O{}mO{}' on line 65.
.................................................
.................................................
. LaTeX info: "xparse/redefine-command"
. 
. Redefining command \setmonofont with sig. 'O{}mO{}' on line 65.
.................................................
)
("C:/Program Files/MiKTeX 2.9/tex/luatex/luatexja/addons/luatexja-fontspec-25c.
sty"
Package: luatexja-fontspec-25c 2017/05/05 fontspec support of LuaTeX-ja
\g_ltj_fontspec_altnumber_int=\count270
.................................................
. LaTeX info: "xparse/define-command"
. 
. Defining command \jfontspec with sig. 'O{}mO{}' on line 280.
.................................................
.................................................
. LaTeX info: "xparse/define-command"
. 
. Defining command \setmainjfont with sig. 'O{}mO{}' on line 287.
.................................................
.................................................
. LaTeX info: "xparse/define-command"
. 
. Defining command \setsansjfont with sig. 'O{}mO{}' on line 293.
.................................................
.................................................
. LaTeX info: "xparse/define-command"
. 
. Defining command \newjfontfamily with sig. 'mO{}mO{}' on line 299.
.................................................
.................................................
. LaTeX info: "xparse/define-command"
. 
. Defining command \newjfontface with sig. 'mO{}mO{}' on line 303.
.................................................
.................................................
. LaTeX info: "xparse/define-command"
. 
. Defining command \defaultjfontfeatures with sig. 't+om' on line 313.
.................................................
.................................................
. LaTeX info: "xparse/define-command"
. 
. Defining command \addjfontfeatures with sig. 'm' on line 344.
.................................................
))(load luc: C:/Users/Aaron/AppData/Local/MiKTeX/2.9/luatex-cache/generic/fonts/
otl/notoserifcjkkr-medium.luc)
\g__fontspec_family_NotoSerifCJKKRMedium_int=\count271
.................................................
. fontspec info: "no-font-shape"
. 
. Could not resolve font "NotoSerifCJKKRMedium/BI" (it probably doesn't
. exist).
.................................................
.................................................
. fontspec info: "no-font-shape"
. 
. Could not resolve font "NotoSerifCJKKRMedium/B" (it probably doesn't exist).
.................................................
.................................................
. fontspec info: "no-font-shape"
. 
. Could not resolve font "NotoSerifCJKKRMedium/I" (it probably doesn't exist).
.................................................
.................................................
. fontspec info: "defining-font"
. 
. Font family 'NotoSerifCJKKRMedium(0)' created for font 'Noto Serif CJK KR
. Medium' with options
. [YokoFeatures={JFM=ujis},TateFeatures={JFM=ujisv},Scale=0.96221923828125,Kerni
ng=Off,Script=CJK].
.  
.  This font family consists of the following NFSS series/shapes:
.  
.................................................
LaTeX Font Info:    Redeclaring symbol font `mincho' on input line 20.
LaTeX Font Info:    Overwriting symbol font `mincho' in version `normal'
(Font)                  JY3/mc/m/n --> JY3/NotoSerifCJKKRMedium(0)/m/n on input 
line 20.
LaTeX Font Info:    Overwriting symbol font `mincho' in version `bold'
(Font)                  JY3/gt/m/n --> JY3/NotoSerifCJKKRMedium(0)/m/n on input 
line 20.
LaTeX Font Info:    Overwriting symbol font `mincho' in version `bold'
(Font)                  JY3/NotoSerifCJKKRMedium(0)/m/n --> JY3/NotoSerifCJKKRMe
dium(0)/bx/n on input line 20.
LaTeX Font Info:    Font shape `JT3/NotoSerifCJKKRMedium(0)/m/n' will be
(Font)              scaled to size 10.53629pt on input line 20.
(load cache: C:/Users/Aaron/AppData/Local/MiKTeX/2.9/luatexja/extra_notoserifcjk
kr-medium.luc)
LaTeX Font Info:    Font shape `JY3/NotoSerifCJKKRMedium(0)/m/n' will be
(Font)              scaled to size 10.53629pt on input line 20.
(load luc: C:/Users/Aaron/AppData/Local/MiKTeX/2.9/luatex-cache/generic/fonts/ot
l/charissil-r.luc)
\g__fontspec_family_CharisSIL_int=\count272
(load luc: C:/Users/Aaron/AppData/Local/MiKTeX/2.9/luatex-cache/generic/fonts/ot
l/charissil-bi.luc)(load luc: C:/Users/Aaron/AppData/Local/MiKTeX/2.9/luatex-cac
he/generic/fonts/otl/charissil-b.luc)(load luc: C:/Users/Aaron/AppData/Local/MiK
TeX/2.9/luatex-cache/generic/fonts/otl/charissil-i.luc)
.................................................
. fontspec info: "defining-font"
. 
. Font family 'CharisSIL(0)' created for font 'Charis SIL' with options
. [Ligatures=TeX,Ligatures=TeX].
.  
.  This font family consists of the following NFSS series/shapes:
.  
. - 'normal' (m/n) with NFSS spec.:
. <->"CharisSIL:mode=node;script=latn;language=DFLT;+tlig;"
. - 'small caps'  (m/sc) with NFSS spec.:
. <->"CharisSIL:mode=node;script=latn;language=DFLT;+tlig;+smcp;"
. - 'bold' (bx/n) with NFSS spec.:
. <->"CharisSIL/B:mode=node;script=latn;language=DFLT;+tlig;"
. - 'bold small caps'  (bx/sc) with NFSS spec.:
. <->"CharisSIL/B:mode=node;script=latn;language=DFLT;+tlig;+smcp;"
. - 'italic' (m/it) with NFSS spec.:
. <->"CharisSIL/I:mode=node;script=latn;language=DFLT;+tlig;"
. - 'italic small caps'  (m/itsc) with NFSS spec.:
. <->"CharisSIL/I:mode=node;script=latn;language=DFLT;+tlig;+smcp;"
. - 'bold italic' (bx/it) with NFSS spec.:
. <->"CharisSIL/BI:mode=node;script=latn;language=DFLT;+tlig;"
. - 'bold italic small caps'  (bx/itsc) with NFSS spec.:
. <->"CharisSIL/BI:mode=node;script=latn;language=DFLT;+tlig;+smcp;"
.................................................
LaTeX Info: Redefining \rmfamily on input line 22.
(load luc: C:/Users/Aaron/AppData/Local/MiKTeX/2.9/luatex-cache/generic/fonts/ot
l/arialnovacond-bold.luc)
\g__fontspec_family_ArialNovaCondBold_int=\count273
.................................................
. fontspec info: "no-font-shape"
. 
. Could not resolve font "ArialNovaCondBold/BI" (it probably doesn't exist).
.................................................
.................................................
. fontspec info: "no-font-shape"
. 
. Could not resolve font "ArialNovaCondBold/B" (it probably doesn't exist).
.................................................
.................................................
. fontspec info: "no-font-shape"
. 
. Could not resolve font "ArialNovaCondBold/I" (it probably doesn't exist).
.................................................
luaotfload | aux : font no 46 (nil) does not define feature smcp for script latn
 with language dflt
luaotfload | aux : no font with id 46
.................................................
. fontspec info: "defining-font"
. 
. Font family 'ArialNovaCondBold(0)' created for font 'Arial Nova Cond Bold'
. with options [Ligatures=TeX].
.  
.  This font family consists of the following NFSS series/shapes:
.  
. - 'normal' (m/n) with NFSS spec.:
. <->"ArialNovaCondBold:mode=node;script=latn;language=DFLT;+tlig;"
. - 'small caps'  (m/sc) with NFSS spec.: 
.................................................

("C:/Program Files/MiKTeX 2.9/tex/latex/draftwatermark/draftwatermark.sty"
Package: draftwatermark 2015/02/19 1.2 Put a gray textual watermark on document 
pages

("C:/Program Files/MiKTeX 2.9/tex/latex/everypage/everypage.sty"
Package: everypage 2007/06/20 1.1 Hooks to run on every page
)
("C:/Program Files/MiKTeX 2.9/tex/latex/graphics/color.sty"
Package: color 2016/07/10 v1.1e Standard LaTeX Color (DPC)

("C:/Program Files/MiKTeX 2.9/tex/latex/graphics-cfg/color.cfg"
File: color.cfg 2016/01/02 v1.6 sample color configuration
)
Package color Info: Driver file: luatex.def on input line 147.
)
\sc@wm@hcenter=\skip53
\sc@wm@vcenter=\skip54
\sc@wm@fontsize=\skip55
)
(./lingsoc-constitution_annotated.aux)
\openout1 = lingsoc-constitution_annotated.aux

LaTeX Font Info:    Checking defaults for OML/cmm/m/it on input line 152.
LaTeX Font Info:    ... okay on input line 152.
LaTeX Font Info:    Checking defaults for T1/cmr/m/n on input line 152.
LaTeX Font Info:    ... okay on input line 152.
LaTeX Font Info:    Checking defaults for OT1/cmr/m/n on input line 152.
LaTeX Font Info:    ... okay on input line 152.
LaTeX Font Info:    Checking defaults for OMS/cmsy/m/n on input line 152.
LaTeX Font Info:    ... okay on input line 152.
LaTeX Font Info:    Checking defaults for TU/lmr/m/n on input line 152.
LaTeX Font Info:    ... okay on input line 152.
LaTeX Font Info:    Checking defaults for OMX/cmex/m/n on input line 152.
LaTeX Font Info:    ... okay on input line 152.
LaTeX Font Info:    Checking defaults for U/cmr/m/n on input line 152.
LaTeX Font Info:    ... okay on input line 152.
LaTeX Font Info:    Checking defaults for JY3/mc/m/n on input line 152.
LaTeX Font Info:    ... okay on input line 152.
LaTeX Font Info:    Checking defaults for JT3/mc/m/n on input line 152.
LaTeX Font Info:    ... okay on input line 152.

("C:/Program Files/MiKTeX 2.9/tex/luatex/luatexja/patches/lltjp-fontspec.sty"
Package: lltjp-fontspec 2017/08/07 Patch to fontspec for LuaTeX-ja
)
*geometry* driver: auto-detecting
*geometry* detected driver: pdftex
*geometry* verbose mode - [ preamble ] result:
* driver: pdftex
* paper: a4paper
* layout: <same size as paper>
* layoutoffset:(h,v)=(0.0pt,0.0pt)
* modes: 
* h-part:(L,W,R)=(71.13188pt, 455.24411pt, 71.13188pt)
* v-part:(T,H,B)=(71.13188pt, 702.78308pt, 71.13188pt)
* \paperwidth=597.50787pt
* \paperheight=845.04684pt
* \textwidth=455.24411pt
* \textheight=702.78308pt
* \oddsidemargin=-1.1381pt
* \evensidemargin=-1.1381pt
* \topmargin=-38.1381pt
* \headheight=12.0pt
* \headsep=25.0pt
* \topskip=11.0pt
* \footskip=30.0pt
* \marginparwidth=50.0pt
* \marginparsep=10.0pt
* \columnsep=10.0pt
* \skip\footins=10.0pt plus 4.0pt minus 2.0pt
* \hoffset=0.0pt
* \voffset=0.0pt
* \mag=1000
* \@twocolumnfalse
* \@twosidefalse
* \@mparswitchfalse
* \@reversemarginfalse
* (1in=72.27pt=25.4mm, 1cm=28.453pt)

("C:/Program Files/MiKTeX 2.9/tex/context/base/supp-pdf.mkii"
[Loading MPS to PDF converter (version 2006.09.02).]
\scratchcounter=\count274
\scratchdimen=\dimen176
\scratchbox=\box64
\nofMPsegments=\count275
\nofMParguments=\count276
\everyMPshowfont=\toks31
\MPscratchCnt=\count277
\MPscratchDim=\dimen177
\MPnumerator=\count278
\makeMPintoPDFobject=\count279
\everyMPtoPDFconversion=\toks32
) ("C:/Program Files/MiKTeX 2.9/tex/latex/oberdiek/epstopdf-base.sty"
Package: epstopdf-base 2016/05/15 v2.6 Base part for package epstopdf

("C:/Program Files/MiKTeX 2.9/tex/latex/oberdiek/grfext.sty"
Package: grfext 2016/05/16 v1.2 Manage graphics extensions (HO)

("C:/Program Files/MiKTeX 2.9/tex/generic/oberdiek/kvdefinekeys.sty"
Package: kvdefinekeys 2016/05/16 v1.4 Define keys (HO)
))
("C:/Program Files/MiKTeX 2.9/tex/latex/oberdiek/kvoptions.sty"
Package: kvoptions 2016/05/16 v3.12 Key value format for package options (HO)

("C:/Program Files/MiKTeX 2.9/tex/generic/oberdiek/kvsetkeys.sty"
Package: kvsetkeys 2016/05/16 v1.17 Key value parser (HO)

("C:/Program Files/MiKTeX 2.9/tex/generic/oberdiek/etexcmds.sty"
Package: etexcmds 2016/05/16 v1.6 Avoid name clashes with e-TeX commands (HO)
)))
Package epstopdf-base Info: Redefining graphics rule for `.eps' on input line 43
8.
Package grfext Info: Graphics extension search list:
(grfext)             [.pdf,.png,.jpg,.mps,.jpeg,.jbig2,.jb2,.PDF,.PNG,.JPG,.JPEG
,.JBIG2,.JB2,.eps]
(grfext)             \AppendGraphicsExtensions on input line 456.
)
ABD: EverySelectfont initializing macros
LaTeX Info: Redefining \selectfont on input line 152.
.................................................
. fontspec info: "setup-math"
. 
. Adjusting the maths setup (use [no-math] to avoid this).
.................................................
\symlegacymaths=\mathgroup5
LaTeX Font Info:    Overwriting symbol font `legacymaths' in version `bold'
(Font)                  OT1/cmr/m/n --> OT1/cmr/bx/n on input line 152.
LaTeX Font Info:    Redeclaring math accent \acute on input line 152.
LaTeX Font Info:    Redeclaring math accent \grave on input line 152.
LaTeX Font Info:    Redeclaring math accent \ddot on input line 152.
LaTeX Font Info:    Redeclaring math accent \tilde on input line 152.
LaTeX Font Info:    Redeclaring math accent \bar on input line 152.
LaTeX Font Info:    Redeclaring math accent \breve on input line 152.
LaTeX Font Info:    Redeclaring math accent \check on input line 152.
LaTeX Font Info:    Redeclaring math accent \hat on input line 152.
LaTeX Font Info:    Redeclaring math accent \dot on input line 152.
LaTeX Font Info:    Redeclaring math accent \mathring on input line 152.
LaTeX Font Info:    Redeclaring math symbol \colon on input line 152.
LaTeX Font Info:    Redeclaring math symbol \Gamma on input line 152.
LaTeX Font Info:    Redeclaring math symbol \Delta on input line 152.
LaTeX Font Info:    Redeclaring math symbol \Theta on input line 152.
LaTeX Font Info:    Redeclaring math symbol \Lambda on input line 152.
LaTeX Font Info:    Redeclaring math symbol \Xi on input line 152.
LaTeX Font Info:    Redeclaring math symbol \Pi on input line 152.
LaTeX Font Info:    Redeclaring math symbol \Sigma on input line 152.
LaTeX Font Info:    Redeclaring math symbol \Upsilon on input line 152.
LaTeX Font Info:    Redeclaring math symbol \Phi on input line 152.
LaTeX Font Info:    Redeclaring math symbol \Psi on input line 152.
LaTeX Font Info:    Redeclaring math symbol \Omega on input line 152.
LaTeX Font Info:    Redeclaring math symbol \mathdollar on input line 152.
LaTeX Font Info:    Redeclaring symbol font `operators' on input line 152.
LaTeX Font Info:    Encoding `OT1' has changed to `TU' for symbol font
(Font)              `operators' in the math version `normal' on input line 152.
LaTeX Font Info:    Overwriting symbol font `operators' in version `normal'
(Font)                  OT1/cmr/m/n --> TU/CharisSIL(0)/m/n on input line 152.
LaTeX Font Info:    Encoding `OT1' has changed to `TU' for symbol font
(Font)              `operators' in the math version `bold' on input line 152.
LaTeX Font Info:    Overwriting symbol font `operators' in version `bold'
(Font)                  OT1/cmr/bx/n --> TU/CharisSIL(0)/m/n on input line 152.
LaTeX Font Info:    Overwriting symbol font `operators' in version `normal'
(Font)                  TU/CharisSIL(0)/m/n --> TU/CharisSIL(0)/m/n on input lin
e 152.
LaTeX Font Info:    Overwriting math alphabet `\mathit' in version `normal'
(Font)                  OT1/cmr/m/it --> TU/CharisSIL(0)/m/it on input line 152.

LaTeX Font Info:    Overwriting math alphabet `\mathbf' in version `normal'
(Font)                  OT1/cmr/bx/n --> TU/CharisSIL(0)/bx/n on input line 152.

LaTeX Font Info:    Overwriting math alphabet `\mathsf' in version `normal'
(Font)                  OT1/cmss/m/n --> TU/lmss/m/n on input line 152.
LaTeX Font Info:    Overwriting math alphabet `\mathtt' in version `normal'
(Font)                  OT1/cmtt/m/n --> TU/lmtt/m/n on input line 152.
LaTeX Font Info:    Overwriting symbol font `operators' in version `bold'
(Font)                  TU/CharisSIL(0)/m/n --> TU/CharisSIL(0)/bx/n on input li
ne 152.
LaTeX Font Info:    Overwriting math alphabet `\mathit' in version `bold'
(Font)                  OT1/cmr/bx/it --> TU/CharisSIL(0)/bx/it on input line 15
2.
LaTeX Font Info:    Overwriting math alphabet `\mathsf' in version `bold'
(Font)                  OT1/cmss/bx/n --> TU/lmss/bx/n on input line 152.
LaTeX Font Info:    Overwriting math alphabet `\mathtt' in version `bold'
(Font)                  OT1/cmtt/m/n --> TU/lmtt/bx/n on input line 152.
LaTeX Font Info:    Font shape `JT3/NotoSerifCJKKRMedium(0)/m/n' will be
(Font)              scaled to size 16.62714pt on input line 155.
LaTeX Font Info:    Font shape `JY3/NotoSerifCJKKRMedium(0)/m/n' will be
(Font)              scaled to size 16.62714pt on input line 155.
<graphics/logo-PDF_GreyscaleLogoonLight.pdf, id=1, 657.72527pt x 711.32553pt>
File: graphics/logo-PDF_GreyscaleLogoonLight.pdf Graphic file (type pdf)
<use graphics/logo-PDF_GreyscaleLogoonLight.pdf>
Package luatex.def Info: graphics/logo-PDF_GreyscaleLogoonLight.pdf  used on inp
ut line 155.
(luatex.def)             Requested size: 105.22815pt x 113.81102pt.


LaTeX Font Warning: Font shape `JT3/NotoSerifCJKKRMedium(0)/bx/n' undefined
(Font)              using `JT3/NotoSerifCJKKRMedium(0)/m/n' instead on input lin
e 155.


LaTeX Font Warning: Font shape `JY3/NotoSerifCJKKRMedium(0)/bx/n' undefined
(Font)              using `JY3/NotoSerifCJKKRMedium(0)/m/n' instead on input lin
e 155.

LaTeX Font Info:    Font shape `JT3/NotoSerifCJKKRMedium(0)/m/n' will be
(Font)              scaled to size 11.54663pt on input line 155.
LaTeX Font Info:    Font shape `JY3/NotoSerifCJKKRMedium(0)/m/n' will be
(Font)              scaled to size 11.54663pt on input line 155.
LaTeX Font Info:    External font `cmex10' loaded for size
(Font)              <12> on input line 155.
LaTeX Font Info:    External font `cmex10' loaded for size
(Font)              <8> on input line 155.
LaTeX Font Info:    External font `cmex10' loaded for size
(Font)              <6> on input line 155.
LaTeX Font Info:    Font shape `JY3/NotoSerifCJKKRMedium(0)/m/n' will be
(Font)              scaled to size 7.69775pt on input line 155.
LaTeX Font Info:    Font shape `JY3/NotoSerifCJKKRMedium(0)/m/n' will be
(Font)              scaled to size 5.77332pt on input line 155.
LaTeX Font Info:    Font shape `JT3/NotoSerifCJKKRMedium(0)/m/n' will be
(Font)              scaled to size 13.85594pt on input line 156.
LaTeX Font Info:    Font shape `JY3/NotoSerifCJKKRMedium(0)/m/n' will be
(Font)              scaled to size 13.85594pt on input line 156.

LaTeX Font Warning: Font shape `JT3/NotoSerifCJKKRMedium(0)/m/sc' undefined
(Font)              using `JT3/NotoSerifCJKKRMedium(0)/m/n' instead on input lin
e 156.


LaTeX Font Warning: Font shape `JY3/NotoSerifCJKKRMedium(0)/m/sc' undefined
(Font)              using `JY3/NotoSerifCJKKRMedium(0)/m/n' instead on input lin
e 156.


LaTeX Font Warning: Font shape `JT3/NotoSerifCJKKRMedium(0)/bx/sc' undefined
(Font)              using `JT3/NotoSerifCJKKRMedium(0)/bx/n' instead on input li
ne 156.

LaTeX Font Info:    Font shape `JT3/NotoSerifCJKKRMedium(0)/bx/n' will be
(Font)              scaled to size 13.85594pt on input line 156.

LaTeX Font Warning: Font shape `JY3/NotoSerifCJKKRMedium(0)/bx/sc' undefined
(Font)              using `JY3/NotoSerifCJKKRMedium(0)/bx/n' instead on input li
ne 156.

LaTeX Font Info:    Font shape `JY3/NotoSerifCJKKRMedium(0)/bx/n' will be
(Font)              scaled to size 13.85594pt on input line 156.
LaTeX Font Info:    Font shape `JT3/NotoSerifCJKKRMedium(0)/bx/n' will be
(Font)              scaled to size 10.53629pt on input line 157.
LaTeX Font Info:    Font shape `JY3/NotoSerifCJKKRMedium(0)/bx/n' will be
(Font)              scaled to size 10.53629pt on input line 157.
LaTeX Font Info:    Font shape `JT3/NotoSerifCJKKRMedium(0)/m/n' will be
(Font)              scaled to size 136.88893pt on input line 177.
LaTeX Font Info:    Font shape `JY3/NotoSerifCJKKRMedium(0)/m/n' will be
(Font)              scaled to size 136.88893pt on input line 177.
[1{C:/Users/Aaron/AppData/Local/MiKTeX/2.9/pdftex/config/pdftex.map}

<./graphics/logo-PDF_GreyscaleLogoonLight.pdf>]
LaTeX Font Info:    Font shape `JT3/NotoSerifCJKKRMedium(0)/m/sc' will be
(Font)              scaled to size 13.85594pt on input line 182.
LaTeX Font Info:    Font shape `JY3/NotoSerifCJKKRMedium(0)/m/sc' will be
(Font)              scaled to size 13.85594pt on input line 182.
LaTeX Font Info:    Font shape `JT3/NotoSerifCJKKRMedium(0)/bx/sc' will be
(Font)              scaled to size 13.85594pt on input line 182.
LaTeX Font Info:    Font shape `JY3/NotoSerifCJKKRMedium(0)/bx/sc' will be
(Font)              scaled to size 13.85594pt on input line 182.
LaTeX Font Info:    Font shape `TU/CharisSIL(0)/m/sl' in size <10.95> not availa
ble
(Font)              Font shape `TU/CharisSIL(0)/m/it' tried instead on input lin
e 213.


LaTeX Font Warning: Font shape `JT3/NotoSerifCJKKRMedium(0)/m/sl' undefined
(Font)              using `JT3/NotoSerifCJKKRMedium(0)/m/n' instead on input lin
e 213.


LaTeX Font Warning: Font shape `JY3/NotoSerifCJKKRMedium(0)/m/sl' undefined
(Font)              using `JY3/NotoSerifCJKKRMedium(0)/m/n' instead on input lin
e 213.


LaTeX Font Warning: Font shape `TU/ArialNovaCondBold(0)/m/sl' undefined
(Font)              using `TU/ArialNovaCondBold(0)/m/n' instead on input line 21
3.

LaTeX Font Info:    Font shape `JT3/NotoSerifCJKKRMedium(0)/m/sl' will be
(Font)              scaled to size 10.53629pt on input line 213.
LaTeX Font Info:    Font shape `JY3/NotoSerifCJKKRMedium(0)/m/sl' will be
(Font)              scaled to size 10.53629pt on input line 213.
LaTeX Font Info:    Font shape `JT3/NotoSerifCJKKRMedium(0)/m/sl' will be
(Font)              scaled to size 9.6222pt on input line 213.
LaTeX Font Info:    Font shape `JY3/NotoSerifCJKKRMedium(0)/m/sl' will be
(Font)              scaled to size 9.6222pt on input line 213.
LaTeX Font Info:    Font shape `JT3/NotoSerifCJKKRMedium(0)/m/n' will be
(Font)              scaled to size 9.6222pt on input line 213.
LaTeX Font Info:    Font shape `JY3/NotoSerifCJKKRMedium(0)/m/n' will be
(Font)              scaled to size 9.6222pt on input line 213.
[2]

LaTeX Font Warning: Font shape `JT3/NotoSerifCJKKRMedium(0)/m/it' undefined
(Font)              using `JT3/NotoSerifCJKKRMedium(0)/m/n' instead on input lin
e 230.


LaTeX Font Warning: Font shape `JY3/NotoSerifCJKKRMedium(0)/m/it' undefined
(Font)              using `JY3/NotoSerifCJKKRMedium(0)/m/n' instead on input lin
e 230.

[3] [4] [5] [6] [7] [8] [9]
<graphics/logotype_spec_1_greyscale_guide.pdf, id=60, 398.3382pt x 398.3382pt>
File: graphics/logotype_spec_1_greyscale_guide.pdf Graphic file (type pdf)
<use graphics/logotype_spec_1_greyscale_guide.pdf>
Package luatex.def Info: graphics/logotype_spec_1_greyscale_guide.pdf  used on i
nput line 575.
(luatex.def)             Requested size: 355.6808pt x 355.65944pt.
LaTeX Font Info:    Font shape `JT3/NotoSerifCJKKRMedium(0)/m/sc' will be
(Font)              scaled to size 10.53629pt on input line 577.
LaTeX Font Info:    Font shape `JY3/NotoSerifCJKKRMedium(0)/m/sc' will be
(Font)              scaled to size 10.53629pt on input line 577.
 [10]
<graphics/colourchip_blue1.pdf, id=64, 19.06734pt x 19.06683pt>
File: graphics/colourchip_blue1.pdf Graphic file (type pdf)
<use graphics/colourchip_blue1.pdf>
Package luatex.def Info: graphics/colourchip_blue1.pdf  used on input line 580.
(luatex.def)             Requested size: 7.11327pt x 7.11317pt.
<graphics/colourchip_red1.pdf, id=65, 19.06734pt x 19.06683pt>
File: graphics/colourchip_red1.pdf Graphic file (type pdf)
<use graphics/colourchip_red1.pdf>
Package luatex.def Info: graphics/colourchip_red1.pdf  used on input line 581.
(luatex.def)             Requested size: 7.11327pt x 7.11317pt.
<graphics/colourchip_green1.pdf, id=66, 19.06734pt x 19.06683pt>
File: graphics/colourchip_green1.pdf Graphic file (type pdf)
<use graphics/colourchip_green1.pdf>
Package luatex.def Info: graphics/colourchip_green1.pdf  used on input line 582.

(luatex.def)             Requested size: 7.11327pt x 7.11317pt.
<graphics/colourchip_grey1.pdf, id=67, 19.06734pt x 19.06683pt>
File: graphics/colourchip_grey1.pdf Graphic file (type pdf)
<use graphics/colourchip_grey1.pdf>
Package luatex.def Info: graphics/colourchip_grey1.pdf  used on input line 583.
(luatex.def)             Requested size: 7.11327pt x 7.11317pt.
<graphics/colourchip_blue2.pdf, id=68, 19.06734pt x 19.06683pt>
File: graphics/colourchip_blue2.pdf Graphic file (type pdf)
<use graphics/colourchip_blue2.pdf>
Package luatex.def Info: graphics/colourchip_blue2.pdf  used on input line 586.
(luatex.def)             Requested size: 7.11327pt x 7.11317pt.
<graphics/colourchip_red2.pdf, id=69, 19.06734pt x 19.06683pt>
File: graphics/colourchip_red2.pdf Graphic file (type pdf)
<use graphics/colourchip_red2.pdf>
Package luatex.def Info: graphics/colourchip_red2.pdf  used on input line 586.
(luatex.def)             Requested size: 7.11327pt x 7.11317pt.
<graphics/colourchip_green2.pdf, id=70, 19.06734pt x 19.06683pt>
File: graphics/colourchip_green2.pdf Graphic file (type pdf)
<use graphics/colourchip_green2.pdf>
Package luatex.def Info: graphics/colourchip_green2.pdf  used on input line 587.

(luatex.def)             Requested size: 7.11327pt x 7.11317pt.
<graphics/colourchip_grey2.pdf, id=71, 19.06734pt x 19.06683pt>
File: graphics/colourchip_grey2.pdf Graphic file (type pdf)
<use graphics/colourchip_grey2.pdf>
Package luatex.def Info: graphics/colourchip_grey2.pdf  used on input line 588.
(luatex.def)             Requested size: 7.11327pt x 7.11317pt.
<graphics/logotype_dimensions_2.pdf, id=72, 341.43358pt x 398.3382pt>
File: graphics/logotype_dimensions_2.pdf Graphic file (type pdf)
<use graphics/logotype_dimensions_2.pdf>
Package luatex.def Info: graphics/logotype_dimensions_2.pdf  used on input line 
592.
(luatex.def)             Requested size: 426.81697pt x 497.92322pt.
 [11<./graphics/logotype_spec_1_greyscale_guide.pdf><./graphics/colourchip_blue1
.pdf><./graphics/colourchip_red1.pdf><./graphics/colourchip_green1.pdf><./graphi
cs/colourchip_grey1.pdf><./graphics/colourchip_blue2.pdf><./graphics/colourchip_
red2.pdf><./graphics/colourchip_green2.pdf><./graphics/colourchip_grey2.pdf>] [
12<./graphics/logotype_dimensions_2.pdf>]
(./lingsoc-constitution_annotated.aux)

LaTeX Font Warning: Some font shapes were not available, defaults substituted.

)

Here is how much of LuaTeX's memory you used:
 15361 strings out of 494450
 244150,552014 words of node,token memory allocated
 14569 words of node memory still in use:
   7 hlist, 1 vlist, 4 rule, 5 glue, 133 kern, 4081 attribute, 964 glue_spec, 22
9 attribute_list, 1 write, 64 user_defined nodes
   avail lists: 1:13,2:68450,3:303,4:413,5:66,6:74,7:5773,8:116,9:309,10:18,11:4
53
 18776 multiletter control sequences out of 65536+200000
 84 fonts using 192146199 bytes
 51i,11n,80p,904b,637s stack positions out of 5000i,500n,10000p,200000b,50000s
<C:/WINDOWS/Fonts/charissil-i.ttf><C:/WINDOWS/Fonts/notoserifcjkkr-medium.otf><C
:/WINDOWS/Fonts/charissil-r.ttf><C:/WINDOWS/Fonts/charissil-b.ttf><C:/WINDOWS/Fo
nts/arialnovacond-bold.ttf>
Output written on lingsoc-constitution_annotated.pdf (12 pages, 3059211 bytes).

PDF statistics: 345 PDF objects out of 1000 (max. 8388607)
 0 named destinations out of 1000 (max. 131072)
 1 words of extra memory for PDF output out of 10000 (max. 100000000)

